<?xml version="1.0" encoding="UTF-8" ?>
<testsuite tests="26" failures="0" name="com.elendil.training.TestUniverse" time="0" errors="0" skipped="0">
  <properties>
[...]
</properties>
  <testcase classname="com.elendil.training.TestUniverse" name="givenLivingCellInUniverse_whenFourNeighbours_thenCellDies" time="0"/>
  <testcase classname="com.elendil.training.TestUniverse" name="givenLivingCellInWiderUniverse_whenTwoNeighbours_thenCellLives" time="0"/>
  <testcase classname="com.elendil.training.TestUniverse" name="givenThreeByThreeAliveUniverse_whenNextGeneration_thenFourAlive" time="0"/>
  <testcase classname="com.elendil.training.TestUniverse" name="givenUniverse_whenDimensionIsTwo_thenReturnsTwoRowAndTwoColumn" time="0"/>
  <testcase classname="com.elendil.training.TestUniverse" name="givenDeadCellInWiderUniverse_whenThreeNeighbours_thenCellLives" time="0"/>
  <testcase classname="com.elendil.training.TestUniverse" name="givenUniverse_whenCellIsAdjacent_thenIdentifyAsNeighbour" time="0"/>
  <testcase classname="com.elendil.training.TestUniverse" name="givenUniverseSetup_when100PercentSeedAndDimNine_thenUniverse100PercentAlive" time="0"/>
  <testcase classname="com.elendil.training.TestUniverse" name="givenUniverseSetup_when0PercentSeedAndDimOne_thenUniverse0PercentAlive" time="0"/>
  <testcase classname="com.elendil.training.TestUniverse" name="givenLivingCellInUniverse_whenOneNeighbours_thenCellDies" time="0"/>
  <testcase classname="com.elendil.training.TestUniverse" name="givenUniverse_whenDimensionIsTen_thenReturnsTenRowAndTenColumn" time="0"/>
  <testcase classname="com.elendil.training.TestUniverse" name="givenDeadCellInUniverse_whenThreeLivingNeighbours_thenCellLives" time="0"/>
  <testcase classname="com.elendil.training.TestUniverse" name="givenLivingCellInUniverse_whenThreeNeighbours_thenCellLives" time="0"/>
  <testcase classname="com.elendil.training.TestUniverse" name="givenUniverseSetup_whenDimThree_thenUniverseSizeIsNine" time="0"/>
  <testcase classname="com.elendil.training.TestUniverse" name="givenOneByOneFullAliveUniverse_whenNextGeneration_thenAllDead" time="0"/>
  <testcase classname="com.elendil.training.TestUniverse" name="givenUniverse_whenCellIsNotAdjacent_thenIdentifyAsNotNeighbour" time="0"/>
  <testcase classname="com.elendil.training.TestUniverse" name="givenTwoByTwoDeadUniverse_whenNextGeneration_thenAllAlive" time="0"/>
  <testcase classname="com.elendil.training.TestUniverse" name="givenUniverse_whenCellIsSameCoord_thenIdentifyAsNotNeighbour" time="0"/>
  <testcase classname="com.elendil.training.TestUniverse" name="givenUniverseSetup_whenDimTwo_thenUniverseSizeIsFour" time="0"/>
  <testcase classname="com.elendil.training.TestUniverse" name="givenUniverseSetup_whenDimOne_thenUniverseSizeIsOne" time="0"/>
  <testcase classname="com.elendil.training.TestUniverse" name="givenLivingCellInUniverse_whenTwoNeighbours_thenCellLives" time="0"/>
  <testcase classname="com.elendil.training.TestUniverse" name="givenLivingCellInWiderUniverse_whenThreeNeighbours_thenCellLives" time="0"/>
  <testcase classname="com.elendil.training.TestUniverse" name="givenDeadCellInUniverse_whenTwoLivingNeighbours_thenCellDies" time="0"/>
  <testcase classname="com.elendil.training.TestUniverse" name="givenDeadCellInUniverse_whenFourLivingNeighbours_thenCellDies" time="0"/>
  <testcase classname="com.elendil.training.TestUniverse" name="givenUniverse_whenDimensionIsOne_thenReturnsOneRowAndOneColumn" time="0"/>
  <testcase classname="com.elendil.training.TestUniverse" name="givenLivingCellInUniverse_whenZeroNeighbours_thenCellDies" time="0"/>
  <testcase classname="com.elendil.training.TestUniverse" name="givenUniverseSetup_when100PercentSeedAndDimOne_thenUniverse100PercentAlive" time="0"/>
</testsuite>